<?xml version="1.0" encoding="UTF-8"?>
<!-- Generated by org.testng.reporters.JUnitReportReporter -->
<testsuite hostname="Ganeshprasad" failures="0" tests="3" name="TestProgramme.TestDemo" time="9.024" errors="0" timestamp="2024-07-25T18:47:07 IST" skipped="0">
  <testcase classname="TestProgramme.TestDemo" name="testMethod1" time="3.006">
    <system-out>
      <![CDATA[Test 1 was passed]]>
    </system-out>
  </testcase> <!-- testMethod1 -->
  <testcase classname="TestProgramme.TestDemo" name="testMethod3" time="3.012">
    <system-out>
      <![CDATA[Test 3 was passed]]>
    </system-out>
  </testcase> <!-- testMethod3 -->
  <testcase classname="TestProgramme.TestDemo" name="testMethod4" time="3.006">
    <system-out>
      <![CDATA[Test 4 was passed]]>
    </system-out>
  </testcase> <!-- testMethod4 -->
  <system-out>
    <![CDATA[Test 2 was passed
Test 1 was passed
Test 3 was passed
Test 4 was passed]]>
  </system-out>
</testsuite> <!-- TestProgramme.TestDemo -->
